[debug] [2018-11-24T08:52:46.700Z] ----------------------------------------------------------------------
[debug] [2018-11-24T08:52:46.704Z] Command:       C:\Program Files\nodejs\node.exe C:\Users\TRANLONG\AppData\Roaming\npm\node_modules\firebase-tools\lib\bin\firebase.js serve
[debug] [2018-11-24T08:52:46.704Z] CLI Version:   6.1.1
[debug] [2018-11-24T08:52:46.704Z] Platform:      win32
[debug] [2018-11-24T08:52:46.704Z] Node Version:  v10.9.0
[debug] [2018-11-24T08:52:46.706Z] Time:          Sat Nov 24 2018 15:52:46 GMT+0700 (Indochina Time)
[debug] [2018-11-24T08:52:46.706Z] ----------------------------------------------------------------------
[debug] 
[debug] [2018-11-24T08:52:46.723Z] > command requires scopes: ["email","openid","https://www.googleapis.com/auth/cloudplatformprojects.readonly","https://www.googleapis.com/auth/firebase","https://www.googleapis.com/auth/cloud-platform"]
[debug] [2018-11-24T08:52:46.724Z] > authorizing via signed-in user
[debug] [2018-11-24T08:52:46.724Z] [iam] checking project management-students-demo for permissions ["firebase.projects.get"]
[debug] [2018-11-24T08:52:46.728Z] >>> HTTP REQUEST POST https://cloudresourcemanager.googleapis.com/v1/projects/management-students-demo:testIamPermissions  

[debug] [2018-11-24T08:52:48.082Z] <<< HTTP RESPONSE 200
[debug] [2018-11-24T08:52:48.087Z] >>> HTTP REQUEST GET https://cloudresourcemanager.googleapis.com/v1/projects/management-students-demo  
 
[debug] [2018-11-24T08:52:49.304Z] <<< HTTP RESPONSE 200
[info] 
[info] === Serving from 'E:\management-student-nois'...
[info] 
[debug] [2018-11-24T08:52:49.314Z] >>> HTTP REQUEST GET https://mobilesdk-pa.googleapis.com/v1/projects/534920697196/clients/_:getWebAppConfig  
 
[debug] [2018-11-24T08:52:49.743Z] <<< HTTP RESPONSE 200
[info] i  hosting: Serving hosting files from: public
[info] +  hosting: Local server: http://localhost:5000
